

============================== 2022-09-10 17:40:26.333895 | 06b732c4-d406-404f-a39b-a36e260d4055 ==============================
[0m17:40:26.333907 [info ] [MainThread]: Running with dbt=1.2.1
[0m17:40:26.334337 [debug] [MainThread]: running dbt with arguments {'write_json': True, 'use_colors': True, 'printer_width': 80, 'version_check': True, 'partial_parse': True, 'static_parser': True, 'profiles_dir': '/Users/aaronaguerrevere/.dbt', 'send_anonymous_usage_stats': True, 'event_buffer_size': 100000, 'quiet': False, 'no_print': False, 'skip_profile_setup': False, 'which': 'init', 'indirect_selection': 'eager'}
[0m17:40:26.334492 [debug] [MainThread]: Tracking: tracking
[0m17:40:26.354385 [debug] [MainThread]: Sending event: {'category': 'dbt', 'action': 'invocation', 'label': 'start', 'context': [<snowplow_tracker.self_describing_json.SelfDescribingJson object at 0x110decc40>, <snowplow_tracker.self_describing_json.SelfDescribingJson object at 0x110df2490>, <snowplow_tracker.self_describing_json.SelfDescribingJson object at 0x110df23d0>]}
[0m17:40:26.356328 [info ] [MainThread]: Creating dbt configuration folder at /Users/aaronaguerrevere/.dbt
[0m17:41:07.654455 [debug] [MainThread]: Starter project path: /Users/aaronaguerrevere/Documents/projects/dbtintro/venv/lib/python3.9/site-packages/dbt/include/starter_project
[0m17:46:04.688451 [info ] [MainThread]: Profile dbtintro written to /Users/aaronaguerrevere/.dbt/profiles.yml using target's profile_template.yml and your supplied values. Run 'dbt debug' to validate the connection.
[0m17:46:04.688910 [info ] [MainThread]: 
Your new dbt project "dbtintro" was created!

For more information on how to configure the profiles.yml file,
please consult the dbt documentation here:

  https://docs.getdbt.com/docs/configure-your-profile

One more thing:

Need help? Don't hesitate to reach out to us via GitHub issues or on Slack:

  https://community.getdbt.com/

Happy modeling!

[0m17:46:04.689336 [debug] [MainThread]: Sending event: {'category': 'dbt', 'action': 'invocation', 'label': 'end', 'context': [<snowplow_tracker.self_describing_json.SelfDescribingJson object at 0x110db6b80>, <snowplow_tracker.self_describing_json.SelfDescribingJson object at 0x110df2370>, <snowplow_tracker.self_describing_json.SelfDescribingJson object at 0x110df23d0>]}
[0m17:46:04.689599 [debug] [MainThread]: Flushing usage events


============================== 2022-09-10 17:49:37.813940 | 05708f3e-cd77-4284-9c73-62c94a919acc ==============================
[0m17:49:37.813949 [info ] [MainThread]: Running with dbt=1.2.1
[0m17:49:37.814269 [debug] [MainThread]: running dbt with arguments {'write_json': True, 'use_colors': True, 'printer_width': 80, 'version_check': True, 'partial_parse': True, 'static_parser': True, 'profiles_dir': '/Users/aaronaguerrevere/.dbt', 'send_anonymous_usage_stats': True, 'event_buffer_size': 100000, 'quiet': False, 'no_print': False, 'config_dir': False, 'which': 'debug', 'indirect_selection': 'eager'}
[0m17:49:37.814387 [debug] [MainThread]: Tracking: tracking
[0m17:49:37.824469 [debug] [MainThread]: Sending event: {'category': 'dbt', 'action': 'invocation', 'label': 'start', 'context': [<snowplow_tracker.self_describing_json.SelfDescribingJson object at 0x10e820610>, <snowplow_tracker.self_describing_json.SelfDescribingJson object at 0x10e820ac0>, <snowplow_tracker.self_describing_json.SelfDescribingJson object at 0x10e820910>]}
[0m17:49:38.090768 [debug] [MainThread]: Executing "git --help"
[0m17:49:38.106096 [debug] [MainThread]: STDOUT: "b"usage: git [--version] [--help] [-C <path>] [-c <name>=<value>]\n           [--exec-path[=<path>]] [--html-path] [--man-path] [--info-path]\n           [-p | --paginate | -P | --no-pager] [--no-replace-objects] [--bare]\n           [--git-dir=<path>] [--work-tree=<path>] [--namespace=<name>]\n           <command> [<args>]\n\nThese are common Git commands used in various situations:\n\nstart a working area (see also: git help tutorial)\n   clone             Clone a repository into a new directory\n   init              Create an empty Git repository or reinitialize an existing one\n\nwork on the current change (see also: git help everyday)\n   add               Add file contents to the index\n   mv                Move or rename a file, a directory, or a symlink\n   restore           Restore working tree files\n   rm                Remove files from the working tree and from the index\n   sparse-checkout   Initialize and modify the sparse-checkout\n\nexamine the history and state (see also: git help revisions)\n   bisect            Use binary search to find the commit that introduced a bug\n   diff              Show changes between commits, commit and working tree, etc\n   grep              Print lines matching a pattern\n   log               Show commit logs\n   show              Show various types of objects\n   status            Show the working tree status\n\ngrow, mark and tweak your common history\n   branch            List, create, or delete branches\n   commit            Record changes to the repository\n   merge             Join two or more development histories together\n   rebase            Reapply commits on top of another base tip\n   reset             Reset current HEAD to the specified state\n   switch            Switch branches\n   tag               Create, list, delete or verify a tag object signed with GPG\n\ncollaborate (see also: git help workflows)\n   fetch             Download objects and refs from another repository\n   pull              Fetch from and integrate with another repository or a local branch\n   push              Update remote refs along with associated objects\n\n'git help -a' and 'git help -g' list available subcommands and some\nconcept guides. See 'git help <command>' or 'git help <concept>'\nto read about a specific subcommand or concept.\nSee 'git help git' for an overview of the system.\n""
[0m17:49:38.106826 [debug] [MainThread]: STDERR: "b''"
[0m17:49:38.116411 [debug] [MainThread]: Acquiring new snowflake connection "debug"
[0m17:49:38.120382 [debug] [MainThread]: Using snowflake connection "debug"
[0m17:49:38.120593 [debug] [MainThread]: On debug: select 1 as id
[0m17:49:38.120745 [debug] [MainThread]: Opening a new connection, currently in state init
[0m17:49:39.574638 [debug] [MainThread]: SQL status: SUCCESS 1 in 1.45 seconds
[0m17:49:39.576238 [debug] [MainThread]: On debug: Close
[0m17:49:39.766964 [debug] [MainThread]: Sending event: {'category': 'dbt', 'action': 'invocation', 'label': 'end', 'context': [<snowplow_tracker.self_describing_json.SelfDescribingJson object at 0x112a90220>, <snowplow_tracker.self_describing_json.SelfDescribingJson object at 0x10e820a30>, <snowplow_tracker.self_describing_json.SelfDescribingJson object at 0x10b560df0>]}
[0m17:49:39.767323 [debug] [MainThread]: Flushing usage events
[0m17:49:39.972070 [debug] [MainThread]: Connection 'debug' was properly closed.
